        120.00    30.00   135.00   0.4330   0.2500   0.8660  -0.8839   0.3062   0.3536
        130.65    60.00   150.00   0.6571   0.5641   0.5000  -0.7538   0.4943   0.4330
        144.92    55.00   115.00   0.4708   0.6703   0.5736  -0.6446  -0.1825   0.7424
        125.12    35.00   110.00   0.4691   0.3300   0.8192  -0.8264  -0.1631   0.5390
        139.85    65.00   145.00   0.5844   0.6927   0.4226  -0.7824   0.3430   0.5198
        118.80    20.00   130.00   0.2997   0.1648   0.9397  -0.9405   0.2165   0.2620
         66.00    25.00   110.00   0.3861  -0.1719   0.9063  -0.6389   0.6588   0.3971
        116.34    35.00   125.00   0.5140   0.2545   0.8192  -0.8558   0.2163   0.4698
        104.12    45.00   120.00   0.6858   0.1725   0.7071  -0.7158   0.3355   0.6124
        153.87    60.00   135.00   0.3814   0.7775   0.5000  -0.7905  -0.0060   0.6124
        124.84    60.00   140.00   0.7108   0.4947   0.5000  -0.7014   0.4451   0.5567
        157.12    55.00   160.00   0.3185   0.7547   0.5736  -0.9420   0.1846   0.2802
        319.09    50.00   105.00  -0.5017  -0.5789   0.6428   0.6022   0.2997   0.7399
        316.96    40.00   110.00  -0.4387  -0.4698   0.7660   0.7413   0.2926   0.6040
        150.00    30.00   120.00   0.2500   0.4330   0.8660  -0.8080  -0.3995   0.4330
        129.13    40.00   120.00   0.4986   0.4057   0.7660  -0.8302  -0.0308   0.5567
         90.00    35.00   110.00   0.5736   0.0000   0.8192  -0.7698   0.3420   0.5390
        151.46    35.00   165.00   0.2740   0.5039   0.8192  -0.9499   0.2752   0.1485
        157.12    55.00   130.00   0.3185   0.7547   0.5736  -0.7631  -0.1549   0.6275
        139.41    45.00   150.00   0.4601   0.5370   0.7071  -0.8877   0.2950   0.3536
        156.46    65.00   120.00   0.3619   0.8309   0.4226  -0.6046  -0.1359   0.7849
        319.09    50.00   115.00  -0.5017  -0.5789   0.6428   0.7009   0.1635   0.6943
        301.30    40.00   105.00  -0.5492  -0.3340   0.7660   0.7667   0.1633   0.6209
        160.59    45.00   155.00   0.2350   0.6669   0.7071  -0.9541   0.0194   0.2988
        309.66    55.00   115.00  -0.6306  -0.5228   0.5736   0.6699   0.0064   0.7424
        128.77    65.00   105.00   0.7066   0.5675   0.4226  -0.4803  -0.0538   0.8754
        159.68    60.00   135.00   0.3008   0.8121   0.5000  -0.7859  -0.0860   0.6124
        121.30    40.00   115.00   0.5492   0.3340   0.7660  -0.8128   0.0004   0.5826
        105.65    40.00   115.00   0.6190   0.1734   0.7660  -0.7825   0.2196   0.5826
         90.00    35.00   105.00   0.5736   0.0000   0.8192  -0.7912   0.2588   0.5540
        148.91    50.00   120.00   0.3956   0.6560   0.6428  -0.7156  -0.2185   0.6634
        126.00    25.00   140.00   0.3419   0.2484   0.9063  -0.9216   0.2773   0.2717
        150.85    80.00   110.00   0.4798   0.8600   0.1736  -0.3782   0.0241   0.9254
        142.26    60.00   160.00   0.5301   0.6848   0.5000  -0.8478   0.4400   0.2962
        120.00    30.00   140.00   0.4330   0.2500   0.8660  -0.8651   0.3851   0.3214
        170.00    30.00   165.00   0.0868   0.4924   0.8660  -0.9902  -0.0530   0.1294
        153.53    45.00   155.00   0.3152   0.6330   0.7071  -0.9445   0.1365   0.2988
        153.87    60.00   170.00   0.3814   0.7775   0.5000  -0.9224   0.3558   0.1504
        133.90    35.00   100.00   0.4133   0.3977   0.8192  -0.7017  -0.4343   0.5649
        160.59    45.00   175.00   0.2350   0.6669   0.7071  -0.9600   0.2730   0.0616
        133.20    20.00   125.00   0.2493   0.2341   0.9397  -0.9538  -0.1088   0.2802
        137.65    70.00   115.00   0.6331   0.6944   0.3420  -0.5211   0.0556   0.8517
         90.00    30.00   110.00   0.5000   0.0000   0.8660  -0.8138   0.3420   0.4698
        105.65    40.00   105.00   0.6190   0.1734   0.7660  -0.7823   0.0496   0.6209
        122.73    50.00   150.00   0.6444   0.4142   0.6428  -0.7386   0.5548   0.3830
         97.83    40.00   120.00   0.6368   0.0875   0.7660  -0.7253   0.4050   0.5567
        142.68    35.00   160.00   0.3477   0.4562   0.8192  -0.9172   0.3469   0.1962
        118.24    45.00    95.00   0.6230   0.3345   0.7071  -0.6618  -0.2565   0.7044
        133.90    35.00   130.00   0.4133   0.3977   0.8192  -0.8979   0.0280   0.4394
        137.65    70.00   120.00   0.6331   0.6944   0.3420  -0.5691   0.1180   0.8138
        148.06    60.00   155.00   0.4581   0.7349   0.5000  -0.8809   0.3001   0.3660
        132.71    55.00   155.00   0.6019   0.5556   0.5736  -0.7929   0.5015   0.3462
        312.55    50.00   105.00  -0.5644  -0.5180   0.6428   0.6324   0.2291   0.7399
         97.06    45.00   115.00   0.7017   0.0869   0.7071  -0.6879   0.3407   0.6409
        306.00    65.00   105.00  -0.7332  -0.5327   0.4226   0.4824   0.0306   0.8754
        125.12    35.00   130.00   0.4691   0.3300   0.8192  -0.8831   0.1647   0.4394
        110.00    30.00   135.00   0.4698   0.1710   0.8660  -0.8173   0.4550   0.3536
        159.68    60.00   145.00   0.3008   0.8121   0.5000  -0.8678   0.0156   0.4967
        303.56    55.00   100.00  -0.6826  -0.4528   0.5736   0.5667   0.1676   0.8067
        104.40    20.00   105.00   0.3313   0.0851   0.9397  -0.9435   0.0250   0.3304
        136.45    60.00   100.00   0.5967   0.6277   0.5000  -0.4651  -0.2373   0.8529
        162.00    65.00   140.00   0.2801   0.8619   0.4226  -0.8125  -0.0216   0.5826
        151.02    55.00   150.00   0.3969   0.7166   0.5736  -0.8965   0.1688   0.4096
        309.13    40.00   110.00  -0.4986  -0.4057   0.7660   0.7742   0.1890   0.6040
        125.29    45.00   145.00   0.5771   0.4085   0.7071  -0.8043   0.4343   0.4056
        142.68    35.00   155.00   0.3477   0.4562   0.8192  -0.9306   0.2741   0.2424
        160.43    40.00   155.00   0.2153   0.6057   0.7660  -0.9624  -0.0015   0.2717
        104.40    20.00   110.00   0.3313   0.0851   0.9397  -0.9403   0.1117   0.3214
        328.15    65.00   110.00  -0.4782  -0.7699   0.4226   0.5001   0.1569   0.8517
        159.68    60.00   175.00   0.3008   0.8121   0.5000  -0.9493   0.3051   0.0755
        132.35    45.00   145.00   0.5226   0.4764   0.7071  -0.8516   0.3321   0.4056
        130.65    60.00   140.00   0.6571   0.5641   0.5000  -0.7428   0.3719   0.5567
        128.77    65.00   120.00   0.7066   0.5675   0.4226  -0.5985   0.1607   0.7849
        150.92    65.00   100.00   0.4405   0.7921   0.4226  -0.3540  -0.2794   0.8925
        120.00    30.00    95.00   0.4330   0.2500   0.8660  -0.7907  -0.3559   0.4981
        301.30    40.00    95.00  -0.5492  -0.3340   0.7660   0.6973   0.3220   0.6403
        148.24    70.00   110.00   0.4947   0.7989   0.3420  -0.4600  -0.0932   0.8830
        104.12    45.00   110.00   0.6858   0.1725   0.7071  -0.7278   0.1696   0.6645
        316.96    40.00   105.00  -0.4387  -0.4698   0.7660   0.6942   0.3641   0.6209
        126.00    25.00    95.00   0.3419   0.2484   0.9063  -0.7817  -0.4602   0.4210
        306.00    50.00   105.00  -0.6197  -0.4503   0.6428   0.6544   0.1556   0.7399
        153.87    60.00   155.00   0.3814   0.7775   0.5000  -0.9067   0.2094   0.3660
        134.31    65.00   110.00   0.6486   0.6331   0.4226  -0.5231  -0.0327   0.8517
        129.27    50.00   145.00   0.5930   0.4849   0.6428  -0.8040   0.4008   0.4394
        322.26    60.00   125.00  -0.5301  -0.6848   0.5000   0.7043  -0.0272   0.7094
        144.92    55.00   150.00   0.4708   0.6703   0.5736  -0.8735   0.2631   0.4096
        160.59    45.00   165.00   0.2350   0.6669   0.7071  -0.9718   0.1484   0.1830
        316.96    40.00   100.00  -0.4387  -0.4698   0.7660   0.6418   0.4328   0.6330
        316.96    40.00   120.00  -0.4387  -0.4698   0.7660   0.8182   0.1436   0.5567
        121.30    40.00   120.00   0.5492   0.3340   0.7660  -0.8266   0.0825   0.5567
        132.35    70.00   140.00   0.6944   0.6331   0.3420  -0.6785   0.4180   0.6040
        132.71    55.00    95.00   0.6019   0.5556   0.5736  -0.4790  -0.3235   0.8160
        136.45    60.00   120.00   0.5967   0.6277   0.5000  -0.6607   0.0306   0.7500
        160.00    30.00   170.00   0.1710   0.4698   0.8660  -0.9769   0.1955   0.0868
        153.87    60.00   150.00   0.3814   0.7775   0.5000  -0.8876   0.1569   0.4330
        309.51    35.00    95.00  -0.4425  -0.3649   0.8192   0.6850   0.4520   0.5714
        126.61    55.00   110.00   0.6575   0.4885   0.5736  -0.6366  -0.0469   0.7698
        139.85    65.00   110.00   0.5844   0.6927   0.4226  -0.5175  -0.0830   0.8517
        144.78    40.00   125.00   0.3707   0.5251   0.7660  -0.8305  -0.1819   0.5265
        126.61    55.00   135.00   0.6575   0.4885   0.5736  -0.7473   0.3257   0.5792
        120.00    30.00   120.00   0.4330   0.2500   0.8660  -0.8995   0.0580   0.4330
        118.24    45.00   135.00   0.6230   0.3345   0.7071  -0.7750   0.3864   0.5000
        130.00    30.00   140.00   0.3830   0.3214   0.8660  -0.9188   0.2290   0.3214
         97.83    40.00    95.00   0.6368   0.0875   0.7660  -0.7679  -0.0176   0.6403
        125.12    35.00   100.00   0.4691   0.3300   0.8192  -0.7597  -0.3221   0.5649
        142.26    60.00   155.00   0.5301   0.6848   0.5000  -0.8460   0.3877   0.3660
        114.00    25.00    95.00   0.3861   0.1719   0.9063  -0.8603  -0.2876   0.4210
        315.88    45.00   120.00  -0.4922  -0.5076   0.7071   0.7852   0.0916   0.6124
        164.12    70.00   140.00   0.2572   0.9038   0.3420  -0.7970  -0.0018   0.6040
        160.24    35.00   160.00   0.1939   0.5398   0.8192  -0.9791   0.0540   0.1962
        169.32    55.00   165.00   0.1518   0.8050   0.5736  -0.9767   0.0331   0.2120
        138.00    25.00   155.00   0.2828   0.3141   0.9063  -0.9298   0.3218   0.1786
        150.00    30.00   145.00   0.2500   0.4330   0.8660  -0.9578  -0.0206   0.2868
        110.00    30.00   100.00   0.4698   0.1710   0.8660  -0.8608  -0.1285   0.4924
        304.84    60.00   105.00  -0.7108  -0.4947   0.5000   0.5443   0.0635   0.8365
        148.24    70.00   100.00   0.4947   0.7989   0.3420  -0.3250  -0.1950   0.9254
        162.00    20.00   165.00   0.1057   0.3253   0.9397  -0.9938   0.0672   0.0885
        102.00    25.00   110.00   0.4134   0.0879   0.9063  -0.9042   0.1575   0.3971
        128.77    65.00   130.00   0.7066   0.5675   0.4226  -0.6549   0.2984   0.6943
        140.00    30.00   155.00   0.3214   0.3830   0.8660  -0.9295   0.3022   0.2113
        165.48    60.00   140.00   0.2171   0.8384   0.5000  -0.8221  -0.1191   0.5567
        151.46    35.00   145.00   0.2740   0.5039   0.8192  -0.9441  -0.0214   0.3290
        132.35    45.00   110.00   0.5226   0.4764   0.7071  -0.7215  -0.1949   0.6645
        120.51    55.00   125.00   0.7057   0.4159   0.5736  -0.6960   0.2556   0.6710
        151.02    55.00   145.00   0.3969   0.7166   0.5736  -0.8760   0.1091   0.4698
         61.20    20.00   105.00   0.2997  -0.1648   0.9397  -0.6707   0.6641   0.3304
        151.71    75.00   115.00   0.4577   0.8506   0.2588  -0.4833  -0.0063   0.8754
        310.65    60.00   105.00  -0.6571  -0.5641   0.5000   0.5350   0.1182   0.8365
        139.41    45.00   100.00   0.4601   0.5370   0.7071  -0.5849  -0.4158   0.6964
        133.20    20.00   135.00   0.2493   0.2341   0.9397  -0.9684   0.0606   0.2418
         90.00    30.00   100.00   0.5000   0.0000   0.8660  -0.8529   0.1736   0.4924
        136.29    75.00   110.00   0.6675   0.6982   0.2588  -0.4153   0.0606   0.9077
        150.92    65.00   165.00   0.4405   0.7921   0.4226  -0.8973   0.3738   0.2346
        160.24    35.00   140.00   0.1939   0.5398   0.8192  -0.8989  -0.2366   0.3687
        119.03    60.00   105.00   0.7572   0.4203   0.5000  -0.5479  -0.0081   0.8365
        108.31    55.00    95.00   0.7777   0.2573   0.5736  -0.5699  -0.0967   0.8160
        142.68    35.00   110.00   0.3477   0.4562   0.8192  -0.7386  -0.4048   0.5390
        151.46    35.00   140.00   0.2740   0.5039   0.8192  -0.9245  -0.0966   0.3687
        108.95    15.00   120.00   0.2448   0.0840   0.9659  -0.9535   0.2013   0.2241
        167.65    45.00   150.00   0.1513   0.6907   0.7071  -0.9216  -0.1601   0.3536
        139.41    45.00   120.00   0.4601   0.5370   0.7071  -0.7781  -0.1397   0.6124
        142.94    70.00   130.00   0.5663   0.7499   0.3420  -0.6708   0.1783   0.7198
        135.82    50.00    95.00   0.5339   0.5494   0.6428  -0.5088  -0.3985   0.7631
        118.24    45.00   120.00   0.6230   0.3345   0.7071  -0.7761   0.1508   0.6124
        145.38    65.00   145.00   0.5148   0.7459   0.4226  -0.8119   0.2658   0.5198
        159.68    60.00   125.00   0.3008   0.8121   0.5000  -0.6801  -0.1849   0.7094
        126.61    55.00   125.00   0.6575   0.4885   0.5736  -0.7192   0.1802   0.6710
        160.43    40.00   150.00   0.2153   0.6057   0.7660  -0.9443  -0.0709   0.3214
        132.71    55.00   110.00   0.6019   0.5556   0.5736  -0.6280  -0.1143   0.7698
        151.02    55.00   155.00   0.3969   0.7166   0.5736  -0.9103   0.2271   0.3462
        144.92    55.00   140.00   0.4708   0.6703   0.5736  -0.8388   0.1386   0.5265
         97.83    40.00   110.00   0.6368   0.0875   0.7660  -0.7597   0.2408   0.6040
        118.80    20.00   110.00   0.2997   0.1648   0.9397  -0.9386  -0.1257   0.3214
        151.71    75.00   110.00   0.4577   0.8506   0.2588  -0.4164  -0.0521   0.9077
        133.90    35.00   135.00   0.4133   0.3977   0.8192  -0.9077   0.1078   0.4056
        168.55    50.00   140.00   0.1521   0.7508   0.6428  -0.8328  -0.2528   0.4924
        118.24    45.00   115.00   0.6230   0.3345   0.7071  -0.7645   0.0691   0.6409
        110.00    30.00    95.00   0.4698   0.1710   0.8660  -0.8405  -0.2132   0.4981
        167.65    45.00   140.00   0.1513   0.6907   0.7071  -0.8455  -0.2801   0.4545
        130.00    30.00   110.00   0.3830   0.3214   0.8660  -0.8433  -0.2611   0.4698
        332.18    50.00   125.00  -0.3575  -0.6775   0.6428   0.7530   0.1980   0.6275
        155.45    50.00   135.00   0.3182   0.6968   0.6428  -0.8320  -0.1197   0.5417
        122.73    50.00   140.00   0.6444   0.4142   0.6428  -0.7617   0.4211   0.4924
        162.00    25.00   155.00   0.1306   0.4019   0.9063  -0.9803  -0.0842   0.1786
        136.96    40.00   150.00   0.4387   0.4698   0.7660  -0.8944   0.3112   0.3214
        134.31    65.00   125.00   0.6486   0.6331   0.4226  -0.6484   0.1686   0.7424
        328.15    65.00   120.00  -0.4782  -0.7699   0.4226   0.6178   0.0471   0.7849
        128.77    65.00   155.00   0.7066   0.5675   0.4226  -0.7068   0.5948   0.3830
        296.47    70.00    95.00  -0.8412  -0.4189   0.3420   0.3438   0.0739   0.9361
        316.45    60.00   120.00  -0.5967  -0.6277   0.5000   0.6607  -0.0306   0.7500
        165.48    60.00   160.00   0.2171   0.8384   0.5000  -0.9526   0.0700   0.2962
        134.31    65.00   135.00   0.6486   0.6331   0.4226  -0.7078   0.2973   0.6409
        167.65    45.00   145.00   0.1513   0.6907   0.7071  -0.8870  -0.2209   0.4056
        144.92    55.00   155.00   0.4708   0.6703   0.5736  -0.8810   0.3226   0.3462
        291.36    55.00   100.00  -0.7629  -0.2983   0.5736   0.5893   0.0440   0.8067
        316.45    60.00   105.00  -0.5967  -0.6277   0.5000   0.5203   0.1717   0.8365
        103.09    50.00   100.00   0.7461   0.1735   0.6428  -0.6559   0.0258   0.7544
        125.12    35.00   155.00   0.4691   0.3300   0.8192  -0.8046   0.5421   0.2424
        132.35    45.00    95.00   0.5226   0.4764   0.7071  -0.5793  -0.4102   0.7044
        142.94    70.00   145.00   0.5663   0.7499   0.3420  -0.7719   0.3371   0.5390
        322.94    45.00   105.00  -0.4261  -0.5643   0.7071   0.6181   0.3891   0.6830
        118.24    45.00   105.00   0.6230   0.3345   0.7071  -0.7242  -0.0951   0.6830
        142.36    50.00   150.00   0.4678   0.6066   0.6428  -0.8821   0.2743   0.3830
        162.00    65.00   110.00   0.2801   0.8619   0.4226  -0.4480  -0.2720   0.8517
        151.71    75.00   120.00   0.4577   0.8506   0.2588  -0.5465   0.0396   0.8365
        130.00    30.00   115.00   0.3830   0.3214   0.8660  -0.8729  -0.1808   0.4532
        308.82    45.00    95.00  -0.5509  -0.4433   0.7071   0.6034   0.3737   0.7044
        169.32    55.00   135.00   0.1518   0.8050   0.5736  -0.7700  -0.2675   0.5792
        121.30    40.00   135.00   0.5492   0.3340   0.7660  -0.8302   0.3227   0.4545
        139.41    45.00   125.00   0.4601   0.5370   0.7071  -0.8124  -0.0667   0.5792
        136.45    60.00   150.00   0.5967   0.6277   0.5000  -0.7999   0.4155   0.4330
        136.96    40.00   120.00   0.4387   0.4698   0.7660  -0.8182  -0.1436   0.5567
        116.34    35.00    95.00   0.5140   0.2545   0.8192  -0.7700  -0.2840   0.5714
        310.65    60.00   100.00  -0.6571  -0.5641   0.5000   0.4867   0.1890   0.8529
        113.48    40.00   100.00   0.5896   0.2561   0.7660  -0.7611  -0.1413   0.6330
        119.03    60.00   100.00   0.7572   0.4203   0.5000  -0.5148  -0.0871   0.8529
        139.41    45.00   130.00   0.4601   0.5370   0.7071  -0.8406   0.0069   0.5417
        159.68    60.00   180.00   0.3008   0.8121   0.5000  -0.9378   0.3473   0.0000
        124.84    60.00   125.00   0.7108   0.4947   0.5000  -0.6638   0.2368   0.7094
        312.55    50.00   100.00  -0.5644  -0.5180   0.6428   0.5838   0.3001   0.7544
        138.81    55.00   130.00   0.5394   0.6165   0.5736  -0.7731   0.0926   0.6275
        165.48    60.00   155.00   0.2171   0.8384   0.5000  -0.9303   0.0226   0.3660
        108.95    15.00   125.00   0.2448   0.0840   0.9659  -0.9346   0.2856   0.2120
        138.81    55.00   160.00   0.5394   0.6165   0.5736  -0.8364   0.4712   0.2802
        109.64    50.00   105.00   0.7215   0.2574   0.6428  -0.6718   0.0351   0.7399
        129.27    50.00   155.00   0.5930   0.4849   0.6428  -0.7840   0.5297   0.3237
        148.91    50.00   145.00   0.3956   0.6560   0.6428  -0.8919   0.1073   0.4394
        152.61    40.00   170.00   0.2957   0.5707   0.7660  -0.9356   0.3350   0.1116
        145.38    65.00   155.00   0.5148   0.7459   0.4226  -0.8473   0.3679   0.3830
        125.29    45.00   115.00   0.5771   0.4085   0.7071  -0.7672  -0.0253   0.6409
        139.85    65.00   160.00   0.5844   0.6927   0.4226  -0.8114   0.4955   0.3100
         90.00    25.00   100.00   0.4226   0.0000   0.9063  -0.8925   0.1736   0.4162
        308.82    45.00   105.00  -0.5509  -0.4433   0.7071   0.6944   0.2266   0.6830
        148.06    60.00   145.00   0.4581   0.7349   0.5000  -0.8469   0.1899   0.4967
        129.13    40.00   115.00   0.4986   0.4057   0.7660  -0.8053  -0.1103   0.5826
        158.82    70.00   115.00   0.3395   0.8762   0.3420  -0.5061  -0.1364   0.8517
        155.92    80.00   125.00   0.4019   0.8991   0.1736  -0.5817   0.1042   0.8067
        136.45    60.00   140.00   0.5967   0.6277   0.5000  -0.7767   0.2948   0.5567
        316.96    40.00   115.00  -0.4387  -0.4698   0.7660   0.7827   0.2189   0.5826
        159.68    60.00   110.00   0.3008   0.8121   0.5000  -0.4839  -0.3218   0.8138
        125.12    35.00   125.00   0.4691   0.3300   0.8192  -0.8788   0.0831   0.4698
        120.51    55.00   115.00   0.7057   0.4159   0.5736  -0.6624   0.1002   0.7424
        125.12    35.00   105.00   0.4691   0.3300   0.8192  -0.7961  -0.2435   0.5540
        312.55    50.00   110.00  -0.5644  -0.5180   0.6428   0.6763   0.1564   0.7198
        142.36    50.00   170.00   0.4678   0.6066   0.6428  -0.8480   0.5130   0.1330
        136.45    60.00   105.00   0.5967   0.6277   0.5000  -0.5203  -0.1717   0.8365
        156.86    75.00   125.00   0.3796   0.8882   0.2588  -0.6107   0.0305   0.7912
        162.00    50.00   125.00   0.2367   0.7286   0.6428  -0.7082  -0.3235   0.6275
        140.00    30.00   120.00   0.3214   0.3830   0.8660  -0.8651  -0.2531   0.4330
         90.00    30.00   105.00   0.5000   0.0000   0.8660  -0.8365   0.2588   0.4830
        142.36    50.00   110.00   0.4678   0.6066   0.6428  -0.6397  -0.2695   0.7198
        300.73    35.00   105.00  -0.4930  -0.2931   0.8192   0.8124   0.1819   0.5540
        306.00    50.00   110.00  -0.6197  -0.4503   0.6428   0.6897   0.0783   0.7198
        160.43    40.00   135.00   0.2153   0.6057   0.7660  -0.8477  -0.2736   0.4545
        163.22    55.00   155.00   0.2365   0.7843   0.5736  -0.9377   0.0296   0.3462
        114.00    25.00   105.00   0.3861   0.1719   0.9063  -0.9050  -0.1196   0.4082
        134.31    65.00   105.00   0.6486   0.6331   0.4226  -0.4729  -0.0999   0.8754
        150.92    65.00   110.00   0.4405   0.7921   0.4226  -0.4919  -0.1809   0.8517
        140.00    30.00   130.00   0.3214   0.3830   0.8660  -0.9188  -0.0950   0.3830
        136.45    60.00   125.00   0.5967   0.6277   0.5000  -0.6979   0.0983   0.7094
        151.02    55.00   105.00   0.3969   0.7166   0.5736  -0.4949  -0.3592   0.7912
        139.41    45.00   165.00   0.4601   0.5370   0.7071  -0.8526   0.4895   0.1830
        325.64    50.00   110.00  -0.4324  -0.6323   0.6428   0.6233   0.3056   0.7198
        168.55    50.00   170.00   0.1521   0.7508   0.6428  -0.9874   0.0862   0.1330
        129.27    50.00   140.00   0.5930   0.4849   0.6428  -0.8048   0.3315   0.4924
        126.61    55.00    95.00   0.6575   0.4885   0.5736  -0.5106  -0.2708   0.8160
        137.65    70.00   140.00   0.6331   0.6944   0.3420  -0.7142   0.3536   0.6040
        126.61    55.00   100.00   0.6575   0.4885   0.5736  -0.5570  -0.1975   0.8067
         90.00    40.00    95.00   0.6428   0.0000   0.7660  -0.7631   0.0872   0.6403
        147.60    20.00   150.00   0.1833   0.2888   0.9397  -0.9830   0.0673   0.1710
        132.71    55.00   130.00   0.6019   0.5556   0.5736  -0.7589   0.1743   0.6275
        118.80    20.00   120.00   0.2997   0.1648   0.9397  -0.9540   0.0461   0.2962
         98.78    35.00   125.00   0.5669   0.0876   0.8192  -0.7507   0.4644   0.4698
        126.61    55.00   120.00   0.6575   0.4885   0.5736  -0.6969   0.1051   0.7094
        153.53    45.00   165.00   0.3152   0.6330   0.7071  -0.9462   0.2667   0.1830
        299.45    50.00   105.00  -0.6670  -0.3767   0.6428   0.6679   0.0799   0.7399
        111.18    45.00   130.00   0.6594   0.2554   0.7071  -0.7373   0.4037   0.5417
        138.00    25.00   125.00   0.2828   0.3141   0.9063  -0.9230  -0.1679   0.3462
        325.64    50.00   125.00  -0.4324  -0.6323   0.6428   0.7707   0.1109   0.6275
        146.47    45.00   140.00   0.3906   0.5894   0.7071  -0.8896   0.0442   0.4545
        100.00    30.00   110.00   0.4924   0.0868   0.8660  -0.8608   0.1955   0.4698
        152.61    40.00   125.00   0.2957   0.5707   0.7660  -0.7980  -0.2933   0.5265
        169.32    55.00   160.00   0.1518   0.8050   0.5736  -0.9598  -0.0187   0.2802
        279.82    50.00    95.00  -0.7548  -0.1306   0.6428   0.6458   0.0233   0.7631
        150.92    65.00   135.00   0.4405   0.7921   0.4226  -0.7632   0.0825   0.6409
        148.91    50.00   130.00   0.3956   0.6560   0.6428  -0.8047  -0.0897   0.5868
        116.18    50.00   130.00   0.6874   0.3380   0.6428  -0.7255   0.3596   0.5868
        100.00    30.00   115.00   0.4924   0.0868   0.8660  -0.8463   0.2799   0.4532
        162.00    75.00   140.00   0.2985   0.9187   0.2588  -0.7800   0.0785   0.6209
        162.00    50.00   160.00   0.2367   0.7286   0.6428  -0.9616   0.0813   0.2620
        303.56    55.00    95.00  -0.6826  -0.4528   0.5736   0.5243   0.2432   0.8160
        120.00    30.00   110.00   0.4330   0.2500   0.8660  -0.8758  -0.1107   0.4698
        116.18    50.00   135.00   0.6874   0.3380   0.6428  -0.7199   0.4340   0.5417
        102.00    25.00   115.00   0.4134   0.0879   0.9063  -0.8913   0.2426   0.3830
        167.65    45.00   165.00   0.1513   0.6907   0.7071  -0.9827   0.0279   0.1830
        127.06    70.00   110.00   0.7499   0.5663   0.3420  -0.4626   0.0793   0.8830
        160.59    45.00   140.00   0.2350   0.6669   0.7071  -0.8736  -0.1741   0.4545
        145.38    65.00   150.00   0.5148   0.7459   0.4226  -0.8328   0.3181   0.4532
        150.85    80.00   120.00   0.4798   0.8600   0.1736  -0.5099   0.1123   0.8529
        120.00    30.00   130.00   0.4330   0.2500   0.8660  -0.8959   0.2250   0.3830
        116.34    35.00   110.00   0.5140   0.2545   0.8192  -0.8416  -0.0350   0.5390
        157.12    55.00   170.00   0.3185   0.7547   0.5736  -0.9460   0.2912   0.1422
        151.02    55.00   140.00   0.3969   0.7166   0.5736  -0.8488   0.0487   0.5265
        136.29    75.00   115.00   0.6675   0.6982   0.2588  -0.4676   0.1225   0.8754
        308.82    45.00   100.00  -0.5509  -0.4433   0.7071   0.6514   0.3013   0.6964
        160.00    30.00   160.00   0.1710   0.4698   0.8660  -0.9843   0.0431   0.1710
        130.00    30.00   105.00   0.3830   0.3214   0.8660  -0.8072  -0.3394   0.4830
        121.30    40.00   110.00   0.5492   0.3340   0.7660  -0.7928  -0.0818   0.6040
        136.29    75.00   125.00   0.6675   0.6982   0.2588  -0.5611   0.2431   0.7912
        120.51    55.00   130.00   0.7057   0.4159   0.5736  -0.7049   0.3307   0.6275
        139.85    65.00   125.00   0.5844   0.6927   0.4226  -0.6616   0.1053   0.7424
        102.00    25.00    95.00   0.4134   0.0879   0.9063  -0.9013  -0.1025   0.4210
        137.65    70.00   135.00   0.6331   0.6944   0.3420  -0.6855   0.2976   0.6645
        153.53    70.00   130.00   0.4189   0.8412   0.3420  -0.6922   0.0520   0.7198
        322.94    45.00   110.00  -0.4261  -0.5643   0.7071   0.6734   0.3241   0.6645
        315.88    45.00   115.00  -0.4922  -0.5076   0.7071   0.7495   0.1659   0.6409
        153.53    45.00   120.00   0.3152   0.6330   0.7071  -0.7205  -0.3253   0.6124
        145.38    65.00   105.00   0.5148   0.7459   0.4226  -0.4449  -0.1889   0.8754
        125.29    45.00   130.00   0.5771   0.4085   0.7071  -0.8135   0.2117   0.5417
        142.26    60.00   105.00   0.5301   0.6848   0.5000  -0.5003  -0.2235   0.8365
