         3143312 1994  1 21 11  4 15.500 L 2.300 X  34.24250 -118.61767  18.130 X  -9.000   0.070   0.100  -9.000    -18   -9   -9  155  59  143   40 50  30 22 D  31 67 
         3143312 1994  1 21 11  4 15.500 L 2.300 X  34.24250 -118.61767  18.130 X  -9.000   0.070   0.100  -9.000    -18   -9   -9   13  73  -85   52 46  30 39 D  33 67 
         3145744 1994  1 25 10  5 22.020 L 2.400 X  34.24117 -118.62117  18.540 X  -9.000   0.030   0.090  -9.000    -18   -9   -9  151  51  139   33 37  33 12 C  61 64  
         3146815 1994  1 28  7 44 46.320 L 3.400 X  34.23917 -118.62150  18.960 X  -9.000   0.090   0.180  -9.000    -18   -9   -9  137  43  127   22 26  73 11 A  90 51  
         3146907 1994  1 28 15 47 20.680 L 2.000 X  34.23817 -118.61050  17.790 X  -9.000   0.060   0.090  -9.000    -18   -9   -9   98  47   94   40 45  23 16 D  35 62  
         3147167 1994  1 29  7 52 21.520 L 2.600 X  34.23833 -118.62466  19.200 X  -9.000   0.090   0.120  -9.000    -18   -9   -9  148  50  127   23 30  55 10 B  83 57  
         3148047 1994  1 31  7 13 16.730 L 2.200 X  34.24183 -118.61550  17.920 X  -9.000   0.050   0.100  -9.000    -18   -9   -9  169  58  144   32 32  39 14 B  64 61  
         3149674 1994  2  5  7 11 45.110 L 2.400 X  34.24017 -118.61667  18.200 X  -9.000   0.040   0.060  -9.000    -18   -9   -9  298  43   80   33 27  50 17 B  74 59  
         3150936 1994  2 10  4 19 26.080 L 2.500 X  34.24217 -118.62016  18.310 X  -9.000   0.050   0.060  -9.000    -18   -9   -9  148  56  134   26 29  57 13 B  81 49  
         3150947 1994  2 10  4 46 40.730 L 2.300 X  34.24117 -118.62016  18.450 X  -9.000   0.050   0.100  -9.000    -18   -9   -9  154  58  133   27 26  50 11 B  83 54  
         3151649 1994  2 13  9  4 56.640 L 2.100 X  34.23783 -118.61283  17.740 X  -9.000   0.030   0.030  -9.000    -18   -9   -9  150  52  130   29 33  33 11 B  69 55  
         3152142 1994  2 14 13 19 47.650 L 2.300 X  34.24166 -118.61716  17.960 X  -9.000   0.070   0.130  -9.000    -18   -9   -9  151  55  130   26 28  48  9 B  81 52  
         2148509 1994  2 15  1 59 47.430 L 2.500 X  34.24166 -118.61900  18.190 X  -9.000   0.010   0.060  -9.000    -18   -9   -9  112  47   91   27 28  60 20 C  80 52  
         3152388 1994  2 15  4 10 52.050 L 2.000 X  34.23983 -118.62133  18.390 X  -9.000   0.070   0.060  -9.000    -18   -9   -9  129  47   99   31 32  34 13 B  69 57  
         3152559 1994  2 15 21 13 54.090 L 2.300 X  34.23967 -118.61584  17.910 X  -9.000   0.030   0.130  -9.000    -18   -9   -9  288  51   64   28 24  42  5 B  89 53  
         3153955 1994  2 20 19 35 21.170 L 1.900 X  34.23783 -118.61183  17.830 X  -9.000   0.060   0.070  -9.000    -18   -9   -9  104  59   85   38 38  32 22 D  46 61  
         3158361 1994  3 14 10  2 19.320 L 2.200 X  34.23933 -118.61833  18.350 X  -9.000   0.060   0.030  -9.000    -18   -9   -9  140  51  119   31 32  46 13 B  68 51  
         3159027 1994  3 18  8 27 27.080 L 2.200 X  34.24050 -118.61767  18.280 X  -9.000   0.030   0.040  -9.000    -18   -9   -9  134  58  108   36 40  39 14 D  49 55  
         3159267 1994  3 20  0 11 12.920 L 2.500 X  34.24117 -118.61584  18.000 X  -9.000   0.050   0.070  -9.000    -18   -9   -9  140  55  121   29 34  44  9 B  71 54  
         2155068 1994  3 22 13  7 33.690 L 2.300 X  34.23933 -118.61567  18.170 X  -9.000   0.040   0.040  -9.000    -18   -9   -9  152  55  140   29 29  34  4 B  80 53  
         3160206 1994  3 24 11 23 51.600 L 1.700 X  34.24017 -118.61833  18.040 X  -9.000   0.050   0.050  -9.000    -18   -9   -9  285  53   48   35 32  31  6 C  58 56 
         3160206 1994  3 24 11 23 51.600 L 1.700 X  34.24017 -118.61833  18.040 X  -9.000   0.050   0.050  -9.000    -18   -9   -9  344  15   65   46 43  31 18 D  25 57 
         3177685 1994  7 26  2 58 20.640 L 2.600 X  34.23900 -118.61150  17.780 X  -9.000   0.050   0.140  -9.000    -18   -9   -9  128  49  109   29 34  51 12 B  72 54  
         3148018 1994  1 31  4 53 39.250 L 2.100 X  34.23817 -118.61066  17.440 X  -9.000   0.090   0.130  -9.000    -18   -9   -9  281  57   41   23 11  46  8 A  88 53  
         3150301 1994  2  7  5 23 49.910 L 1.800 X  34.23734 -118.61300  17.700 X  -9.000   0.060   0.110  -9.000    -18   -9   -9  142  45  122   28 25  32 22 C  81 64  
         3150490 1994  2  8  2  7  8.790 L 2.600 X  34.23817 -118.60633  17.750 X  -9.000   0.070   0.160  -9.000    -18   -9   -9  287  41   83   29 26  57 19 B  78 56  
