         3143312 1994  1 21 11  4 15.500 L 2.300 X  34.24250 -118.61767  18.130 X  -9.000   0.070   0.100  -9.000    -18   -9   -9  133  50  138   29 33  30  9 B  70 67  
         3145744 1994  1 25 10  5 22.020 L 2.400 X  34.24117 -118.62117  18.540 X  -9.000   0.030   0.090  -9.000    -18   -9   -9  140  52   98   35 42  33 13 D  45 64 
         3145744 1994  1 25 10  5 22.020 L 2.400 X  34.24117 -118.62117  18.540 X  -9.000   0.030   0.090  -9.000    -18   -9   -9  172  79  171   40 44  33 12 D  31 64 
         3146815 1994  1 28  7 44 46.320 L 3.400 X  34.23917 -118.62150  18.960 X  -9.000   0.090   0.180  -9.000    -18   -9   -9  137  45  128   21 24  73 13 A  95 51  
         3146907 1994  1 28 15 47 20.680 L 2.000 X  34.23817 -118.61050  17.790 X  -9.000   0.060   0.090  -9.000    -18   -9   -9  309  39  117   40 38  23 12 D  45 62 
         3146907 1994  1 28 15 47 20.680 L 2.000 X  34.23817 -118.61050  17.790 X  -9.000   0.060   0.090  -9.000    -18   -9   -9  146  76  146   48 48  23 26 D  26 62 
         3147167 1994  1 29  7 52 21.520 L 2.600 X  34.23833 -118.62466  19.200 X  -9.000   0.090   0.120  -9.000    -18   -9   -9  143  54  110   23 29  55 13 B  84 57  
         3148047 1994  1 31  7 13 16.730 L 2.200 X  34.24183 -118.61550  17.920 X  -9.000   0.050   0.100  -9.000    -18   -9   -9  303  41   81   30 30  39 12 B  70 61  
         3149674 1994  2  5  7 11 45.110 L 2.400 X  34.24017 -118.61667  18.200 X  -9.000   0.040   0.060  -9.000    -18   -9   -9  285  43   74   34 31  50 18 B  67 59  
         3150936 1994  2 10  4 19 26.080 L 2.500 X  34.24217 -118.62016  18.310 X  -9.000   0.050   0.060  -9.000    -18   -9   -9  142  57  130   27 31  57  4 B  78 49  
         3150947 1994  2 10  4 46 40.730 L 2.300 X  34.24117 -118.62016  18.450 X  -9.000   0.050   0.100  -9.000    -18   -9   -9  146  58  130   26 28  50 10 B  86 54  
         3151649 1994  2 13  9  4 56.640 L 2.100 X  34.23783 -118.61283  17.740 X  -9.000   0.030   0.030  -9.000    -18   -9   -9  124  48  102   26 30  33 10 B  78 55  
         3152142 1994  2 14 13 19 47.650 L 2.300 X  34.24166 -118.61716  17.960 X  -9.000   0.070   0.130  -9.000    -18   -9   -9  282  45   67   26 23  48  6 A  89 52  
         2148509 1994  2 15  1 59 47.430 L 2.500 X  34.24166 -118.61900  18.190 X  -9.000   0.010   0.060  -9.000    -18   -9   -9  120  47  102   25 27  60 18 B  89 52  
         3152388 1994  2 15  4 10 52.050 L 2.000 X  34.23983 -118.62133  18.390 X  -9.000   0.070   0.060  -9.000    -18   -9   -9  278  49   62   33 28  34  8 B  71 57  
         3152559 1994  2 15 21 13 54.090 L 2.300 X  34.23967 -118.61584  17.910 X  -9.000   0.030   0.130  -9.000    -18   -9   -9  283  47   62   26 23  42  5 A  90 53  
         3153955 1994  2 20 19 35 21.170 L 1.900 X  34.23783 -118.61183  17.830 X  -9.000   0.060   0.070  -9.000    -18   -9   -9  317  38  131   36 34  32  7 C  56 61  
         3158361 1994  3 14 10  2 19.320 L 2.200 X  34.23933 -118.61833  18.350 X  -9.000   0.060   0.030  -9.000    -18   -9   -9  137  53  115   25 28  46 11 B  89 51  
         3159027 1994  3 18  8 27 27.080 L 2.200 X  34.24050 -118.61767  18.280 X  -9.000   0.030   0.040  -9.000    -18   -9   -9  137  64  119   40 40  39 12 D  42 55  
         3159267 1994  3 20  0 11 12.920 L 2.500 X  34.24117 -118.61584  18.000 X  -9.000   0.050   0.070  -9.000    -18   -9   -9  284  37   67   31 27  44  9 B  78 54  
         2155068 1994  3 22 13  7 33.690 L 2.300 X  34.23933 -118.61567  18.170 X  -9.000   0.040   0.040  -9.000    -18   -9   -9  147  54  123   26 27  34  0 B  86 53  
         3160206 1994  3 24 11 23 51.600 L 1.700 X  34.24017 -118.61833  18.040 X  -9.000   0.050   0.050  -9.000    -18   -9   -9  149  54  131   33 38  31  7 C  56 56  
         3177685 1994  7 26  2 58 20.640 L 2.600 X  34.23900 -118.61150  17.780 X  -9.000   0.050   0.140  -9.000    -18   -9   -9  128  50  124   30 37  51 13 B  62 54  
         3148018 1994  1 31  4 53 39.250 L 2.100 X  34.23817 -118.61066  17.440 X  -9.000   0.090   0.130  -9.000    -18   -9   -9  293  45   62   24 15  46 18 B  98 53  
         3150301 1994  2  7  5 23 49.910 L 1.800 X  34.23734 -118.61300  17.700 X  -9.000   0.060   0.110  -9.000    -18   -9   -9  299  48  101   28 22  32 17 B  83 65  
         3150490 1994  2  8  2  7  8.790 L 2.600 X  34.23817 -118.60633  17.750 X  -9.000   0.070   0.160  -9.000    -18   -9   -9  308  40  109   23 19  57 15 B  93 56  
